<?xml version="1.0" encoding="UTF-8"?>
<!-- Generated by org.testng.reporters.JUnitXMLReporter -->
<testsuite ignored="1" hostname="Sushantas-Mac.local" failures="0" tests="5" name="demo" time="0.202" errors="0" timestamp="2023-03-29T13:18:42 IST">
  <testcase classname="testng_01.class01" name="a" time="0.01"/>
  <testcase classname="testng_01.class01" name="b" time="0.025"/>
  <testcase classname="testng_01.class01" name="emails" time="0.007"/>
  <testcase classname="testng_01.class01" name="tc1" time="0.025"/>
  <testcase classname="testng_01.class01" name="tc2" time="0.012"/>
  <testcase classname="testng_01.class01" name="women_module" time="0.0">
    <ignored/>
  </testcase> <!-- women_module -->
</testsuite> <!-- demo -->
