<?xml version="1.0" encoding="UTF-8"?>
<!-- Generated by org.testng.reporters.JUnitXMLReporter -->
<testsuite ignored="11" hostname="Sushantas-Mac.local" failures="0" tests="3" name="Smoke-Testing" time="0.068" errors="0" timestamp="2023-03-29T13:14:01 IST">
  <testcase classname="testng_01.class3" name="bank_cred_tc" time="0.01"/>
  <testcase classname="testng_01.class02" name="password_tc" time="0.002"/>
  <testcase classname="testng_01.class02" name="username_tc" time="0.001"/>
  <testcase classname="testng_01.class02" name="webloginorangehrm" time="0.0">
    <ignored/>
  </testcase> <!-- webloginorangehrm -->
  <testcase classname="testng_01.class3" name="tc" time="0.0">
    <ignored/>
  </testcase> <!-- tc -->
  <testcase classname="testng_01.class02" name="weblogoutorangehrm" time="0.0">
    <ignored/>
  </testcase> <!-- weblogoutorangehrm -->
  <testcase classname="testng_01.class01" name="women_module" time="0.0">
    <ignored/>
  </testcase> <!-- women_module -->
  <testcase classname="testng_01.class01" name="tc2" time="0.0">
    <ignored/>
  </testcase> <!-- tc2 -->
  <testcase classname="testng_01.class02" name="mobileloginorangehrm" time="0.0">
    <ignored/>
  </testcase> <!-- mobileloginorangehrm -->
  <testcase classname="testng_01.class02" name="mobilelogoutorangehrm" time="0.0">
    <ignored/>
  </testcase> <!-- mobilelogoutorangehrm -->
  <testcase classname="testng_01.class01" name="emails" time="0.0">
    <ignored/>
  </testcase> <!-- emails -->
  <testcase classname="testng_01.class01" name="b" time="0.0">
    <ignored/>
  </testcase> <!-- b -->
  <testcase classname="testng_01.class01" name="a" time="0.0">
    <ignored/>
  </testcase> <!-- a -->
  <testcase classname="testng_01.class01" name="tc1" time="0.0">
    <ignored/>
  </testcase> <!-- tc1 -->
</testsuite> <!-- Smoke-Testing -->
