<?xml version="1.0" encoding="UTF-8"?>
<!-- Generated by org.testng.reporters.JUnitXMLReporter -->
<testsuite ignored="2" hostname="Sushantas-Mac.local" failures="0" tests="4" name="orangehrm test" time="0.009" errors="0" timestamp="02 Apr 2023 16:30:44 GMT">
  <testcase classname="testng_01.class02" name="password_tc" time="0.0"/>
  <testcase classname="testng_01.class02" name="username_tc" time="0.0"/>
  <testcase classname="testng_01.class02" name="webloginorangehrm" time="0.0"/>
  <testcase classname="testng_01.class02" name="weblogoutorangehrm" time="0.003"/>
  <testcase classname="testng_01.class02" name="mobilelogoutorangehrm" time="0.0">
    <ignored/>
  </testcase> <!-- mobilelogoutorangehrm -->
  <testcase classname="testng_01.class02" name="mobileloginorangehrm" time="0.0">
    <ignored/>
  </testcase> <!-- mobileloginorangehrm -->
</testsuite> <!-- orangehrm test -->
