<?xml version="1.0" encoding="UTF-8"?>
<testng-results ignored="0" total="1" passed="1" failed="0" skipped="0">
  <reporter-output>
  </reporter-output>
  <suite started-at="2023-04-02T19:01:51Z" name="Suite" finished-at="2023-04-02T19:02:04Z" duration-ms="12186">
    <groups>
    </groups>
    <test started-at="2023-04-02T19:01:51Z" name="demo" finished-at="2023-04-02T19:02:04Z" duration-ms="12186">
      <class name="testng_01.class01">
        <test-method is-config="true" signature="setup()[pri:0, instance:testng_01.class01@a530d0a]" started-at="2023-04-02T19:01:51Z" name="setup" finished-at="2023-04-02T19:01:54Z" duration-ms="2363" status="PASS">
          <reporter-output>
          </reporter-output>
        </test-method> <!-- setup -->
        <test-method signature="tc1()[pri:0, instance:testng_01.class01@a530d0a]" started-at="2023-04-02T19:01:54Z" name="tc1" finished-at="2023-04-02T19:02:04Z" duration-ms="9812" status="PASS">
          <reporter-output>
          </reporter-output>
        </test-method> <!-- tc1 -->
      </class> <!-- testng_01.class01 -->
    </test> <!-- demo -->
  </suite> <!-- Suite -->
</testng-results>
