<?xml version="1.0" encoding="UTF-8"?>
<testng-results ignored="0" total="1" passed="1" failed="0" skipped="0">
  <reporter-output>
  </reporter-output>
  <suite started-at="2023-03-31T18:03:16 IST" name="Default suite" finished-at="2023-03-31T18:03:35 IST" duration-ms="19008">
    <groups>
    </groups>
    <test started-at="2023-03-31T18:03:16 IST" name="Default test" finished-at="2023-03-31T18:03:35 IST" duration-ms="19008">
      <class name="testng_01.class01">
        <test-method is-config="true" signature="setup()[pri:0, instance:testng_01.class01@5db250b4]" started-at="2023-03-31T18:03:16 IST" name="setup" finished-at="2023-03-31T18:03:19 IST" duration-ms="2452" status="PASS">
          <reporter-output>
          </reporter-output>
        </test-method> <!-- setup -->
        <test-method signature="tc1()[pri:0, instance:testng_01.class01@5db250b4]" started-at="2023-03-31T18:03:19 IST" name="tc1" finished-at="2023-03-31T18:03:35 IST" duration-ms="16494" status="PASS">
          <reporter-output>
          </reporter-output>
        </test-method> <!-- tc1 -->
      </class> <!-- testng_01.class01 -->
    </test> <!-- Default test -->
  </suite> <!-- Default suite -->
</testng-results>
